{"total": {"lines":{"total":129,"covered":93,"skipped":0,"pct":72.09},"statements":{"total":140,"covered":100,"skipped":0,"pct":71.42},"functions":{"total":41,"covered":32,"skipped":0,"pct":78.04},"branches":{"total":80,"covered":49,"skipped":0,"pct":61.25},"branchesTrue":{"total":0,"covered":0,"skipped":0,"pct":100}}
,"/Users/pedropaulocg/Desktop/Projects/boaspraticas/server/src/middlewares/authMiddleware.ts": {"lines":{"total":19,"covered":19,"skipped":0,"pct":100},"functions":{"total":2,"covered":2,"skipped":0,"pct":100},"statements":{"total":19,"covered":19,"skipped":0,"pct":100},"branches":{"total":10,"covered":10,"skipped":0,"pct":100}}
,"/Users/pedropaulocg/Desktop/Projects/boaspraticas/server/src/repositories/ReservationRepository.ts": {"lines":{"total":8,"covered":8,"skipped":0,"pct":100},"functions":{"total":6,"covered":6,"skipped":0,"pct":100},"statements":{"total":8,"covered":8,"skipped":0,"pct":100},"branches":{"total":0,"covered":0,"skipped":0,"pct":100}}
,"/Users/pedropaulocg/Desktop/Projects/boaspraticas/server/src/repositories/RoomRepository.ts": {"lines":{"total":7,"covered":7,"skipped":0,"pct":100},"functions":{"total":5,"covered":5,"skipped":0,"pct":100},"statements":{"total":7,"covered":7,"skipped":0,"pct":100},"branches":{"total":0,"covered":0,"skipped":0,"pct":100}}
,"/Users/pedropaulocg/Desktop/Projects/boaspraticas/server/src/repositories/UserRepository.ts": {"lines":{"total":36,"covered":36,"skipped":0,"pct":100},"functions":{"total":6,"covered":6,"skipped":0,"pct":100},"statements":{"total":46,"covered":42,"skipped":0,"pct":91.3},"branches":{"total":42,"covered":35,"skipped":0,"pct":83.33}}
,"/Users/pedropaulocg/Desktop/Projects/boaspraticas/server/src/services/AuthService.ts": {"lines":{"total":12,"covered":0,"skipped":0,"pct":0},"functions":{"total":2,"covered":0,"skipped":0,"pct":0},"statements":{"total":12,"covered":0,"skipped":0,"pct":0},"branches":{"total":4,"covered":0,"skipped":0,"pct":0}}
,"/Users/pedropaulocg/Desktop/Projects/boaspraticas/server/src/services/ReservationServices.ts": {"lines":{"total":15,"covered":15,"skipped":0,"pct":100},"functions":{"total":7,"covered":7,"skipped":0,"pct":100},"statements":{"total":16,"covered":16,"skipped":0,"pct":100},"branches":{"total":4,"covered":4,"skipped":0,"pct":100}}
,"/Users/pedropaulocg/Desktop/Projects/boaspraticas/server/src/services/RoomServices.ts": {"lines":{"total":8,"covered":8,"skipped":0,"pct":100},"functions":{"total":6,"covered":6,"skipped":0,"pct":100},"statements":{"total":8,"covered":8,"skipped":0,"pct":100},"branches":{"total":0,"covered":0,"skipped":0,"pct":100}}
,"/Users/pedropaulocg/Desktop/Projects/boaspraticas/server/src/services/UserServices.ts": {"lines":{"total":24,"covered":0,"skipped":0,"pct":0},"functions":{"total":7,"covered":0,"skipped":0,"pct":0},"statements":{"total":24,"covered":0,"skipped":0,"pct":0},"branches":{"total":20,"covered":0,"skipped":0,"pct":0}}
}
