TN:
SF:src/middlewares/authMiddleware.ts
FN:14,(anonymous_0)
FN:16,(anonymous_1)
FNF:2
FNH:2
FNDA:6,(anonymous_0)
FNDA:6,(anonymous_1)
DA:2,1
DA:5,1
DA:13,1
DA:16,6
DA:17,6
DA:18,6
DA:19,1
DA:22,5
DA:24,5
DA:25,1
DA:27,4
DA:28,4
DA:29,1
DA:30,1
DA:32,3
DA:33,1
DA:38,2
DA:39,1
DA:44,1
LF:19
LH:19
BRDA:6,0,0,1
BRDA:6,0,1,1
BRDA:18,1,0,1
BRDA:18,1,1,5
BRDA:24,2,0,1
BRDA:24,2,1,4
BRDA:32,3,0,1
BRDA:32,3,1,2
BRDA:38,4,0,1
BRDA:38,4,1,1
BRF:10
BRH:10
end_of_record
TN:
SF:src/repositories/ReservationRepository.ts
FN:5,(anonymous_0)
FN:9,(anonymous_1)
FN:13,(anonymous_2)
FN:17,(anonymous_3)
FN:29,(anonymous_4)
FN:33,(anonymous_5)
FNF:6
FNH:6
FNDA:3,(anonymous_0)
FNDA:2,(anonymous_1)
FNDA:3,(anonymous_2)
FNDA:4,(anonymous_3)
FNDA:2,(anonymous_4)
FNDA:2,(anonymous_5)
DA:1,1
DA:4,1
DA:6,3
DA:10,2
DA:14,3
DA:18,4
DA:30,2
DA:34,2
LF:8
LH:8
BRF:0
BRH:0
end_of_record
TN:
SF:src/repositories/RoomRepository.ts
FN:5,(anonymous_0)
FN:9,(anonymous_1)
FN:13,(anonymous_2)
FN:17,(anonymous_3)
FN:21,(anonymous_4)
FNF:5
FNH:5
FNDA:2,(anonymous_0)
FNDA:2,(anonymous_1)
FNDA:2,(anonymous_2)
FNDA:2,(anonymous_3)
FNDA:2,(anonymous_4)
DA:1,1
DA:4,1
DA:6,2
DA:10,2
DA:14,2
DA:18,2
DA:22,2
LF:7
LH:7
BRF:0
BRH:0
end_of_record
TN:
SF:src/repositories/UserRepository.ts
FN:14,(anonymous_0)
FN:31,(anonymous_1)
FN:61,(anonymous_2)
FN:125,(anonymous_3)
FN:142,(anonymous_4)
FN:161,(anonymous_5)
FNF:6
FNH:6
FNDA:2,(anonymous_0)
FNDA:3,(anonymous_1)
FNDA:6,(anonymous_2)
FNDA:3,(anonymous_3)
FNDA:2,(anonymous_4)
FNDA:1,(anonymous_5)
DA:1,1
DA:13,1
DA:21,2
DA:22,2
DA:23,2
DA:25,2
DA:37,3
DA:38,3
DA:39,3
DA:40,3
DA:41,3
DA:43,3
DA:44,1
DA:45,1
DA:53,1
DA:56,2
DA:69,6
DA:70,4
DA:79,4
DA:80,2
DA:95,4
DA:96,2
DA:109,4
DA:115,2
DA:116,2
DA:117,2
DA:119,2
DA:132,3
DA:133,3
DA:134,3
DA:136,3
DA:150,2
DA:151,2
DA:152,2
DA:154,2
DA:162,1
LF:36
LH:36
BRDA:22,0,0,1
BRDA:22,0,1,1
BRDA:23,1,0,1
BRDA:23,1,1,1
BRDA:27,2,0,1
BRDA:27,2,1,1
BRDA:40,3,0,0
BRDA:40,3,1,3
BRDA:41,4,0,0
BRDA:41,4,1,3
BRDA:43,5,0,1
BRDA:43,5,1,2
BRDA:43,6,0,3
BRDA:43,6,1,1
BRDA:49,7,0,0
BRDA:49,7,1,1
BRDA:57,8,0,0
BRDA:57,8,1,2
BRDA:69,9,0,4
BRDA:69,9,1,2
BRDA:79,10,0,2
BRDA:79,10,1,2
BRDA:95,11,0,2
BRDA:95,11,1,2
BRDA:116,12,0,0
BRDA:116,12,1,2
BRDA:117,13,0,0
BRDA:117,13,1,2
BRDA:121,14,0,0
BRDA:121,14,1,2
BRDA:133,15,0,1
BRDA:133,15,1,2
BRDA:134,16,0,1
BRDA:134,16,1,2
BRDA:138,17,0,1
BRDA:138,17,1,2
BRDA:151,18,0,1
BRDA:151,18,1,1
BRDA:152,19,0,1
BRDA:152,19,1,1
BRDA:157,20,0,1
BRDA:157,20,1,1
BRF:42
BRH:35
end_of_record
TN:
SF:src/services/AuthService.ts
FN:6,(anonymous_1)
FN:11,(anonymous_2)
FNF:2
FNH:0
FNDA:0,(anonymous_1)
FNDA:0,(anonymous_2)
DA:3,0
DA:5,0
DA:7,0
DA:8,0
DA:12,0
DA:13,0
DA:14,0
DA:16,0
DA:17,0
DA:18,0
DA:21,0
DA:23,0
LF:12
LH:0
BRDA:13,0,0,0
BRDA:13,0,1,0
BRDA:17,1,0,0
BRDA:17,1,1,0
BRF:4
BRH:0
end_of_record
TN:
SF:src/services/ReservationServices.ts
FN:7,(anonymous_0)
FN:11,(anonymous_1)
FN:19,(anonymous_2)
FN:23,(anonymous_3)
FN:27,(anonymous_4)
FN:29,(anonymous_5)
FN:36,(anonymous_6)
FNF:7
FNH:7
FNDA:12,(anonymous_0)
FNDA:3,(anonymous_1)
FNDA:2,(anonymous_2)
FNDA:2,(anonymous_3)
FNDA:3,(anonymous_4)
FNDA:2,(anonymous_5)
FNDA:2,(anonymous_6)
DA:2,1
DA:4,1
DA:8,12
DA:12,3
DA:13,3
DA:14,1
DA:16,2
DA:20,2
DA:24,2
DA:28,3
DA:29,3
DA:30,3
DA:31,1
DA:33,2
DA:37,2
LF:15
LH:15
BRDA:13,0,0,1
BRDA:13,0,1,2
BRDA:30,1,0,1
BRDA:30,1,1,2
BRF:4
BRH:4
end_of_record
TN:
SF:src/services/RoomServices.ts
FN:7,(anonymous_0)
FN:11,(anonymous_1)
FN:15,(anonymous_2)
FN:19,(anonymous_3)
FN:23,(anonymous_4)
FN:27,(anonymous_5)
FNF:6
FNH:6
FNDA:6,(anonymous_0)
FNDA:1,(anonymous_1)
FNDA:1,(anonymous_2)
FNDA:2,(anonymous_3)
FNDA:1,(anonymous_4)
FNDA:1,(anonymous_5)
DA:2,1
DA:4,1
DA:8,6
DA:12,1
DA:16,1
DA:20,2
DA:24,1
DA:28,1
LF:8
LH:8
BRF:0
BRH:0
end_of_record
TN:
SF:src/services/UserServices.ts
FN:17,(anonymous_1)
FN:21,(anonymous_2)
FN:32,(anonymous_3)
FN:44,(anonymous_4)
FN:60,(anonymous_5)
FN:78,(anonymous_6)
FN:82,(anonymous_7)
FNF:7
FNH:0
FNDA:0,(anonymous_1)
FNDA:0,(anonymous_2)
FNDA:0,(anonymous_3)
FNDA:0,(anonymous_4)
FNDA:0,(anonymous_5)
FNDA:0,(anonymous_6)
FNDA:0,(anonymous_7)
DA:2,0
DA:3,0
DA:14,0
DA:18,0
DA:22,0
DA:23,0
DA:24,0
DA:27,0
DA:29,0
DA:40,0
DA:41,0
DA:52,0
DA:54,0
DA:59,0
DA:61,0
DA:62,0
DA:64,0
DA:65,0
DA:67,0
DA:68,0
DA:70,0
DA:75,0
DA:79,0
DA:83,0
LF:24
LH:0
BRDA:23,0,0,0
BRDA:23,0,1,0
BRDA:54,1,0,0
BRDA:54,1,1,0
BRDA:55,2,0,0
BRDA:55,2,1,0
BRDA:55,2,2,0
BRDA:55,2,3,0
BRDA:61,3,0,0
BRDA:61,3,1,0
BRDA:61,4,0,0
BRDA:61,4,1,0
BRDA:64,5,0,0
BRDA:64,5,1,0
BRDA:64,6,0,0
BRDA:64,6,1,0
BRDA:67,7,0,0
BRDA:67,7,1,0
BRDA:67,8,0,0
BRDA:67,8,1,0
BRF:20
BRH:0
end_of_record
